  centraliseur.cpp
  Generating code
  0 of 105 functions ( 0.0%) were compiled, the rest were copied from previous compilation.
    0 functions were new in current compilation
    0 functions had inline decision re-evaluated but remain unchanged
  Finished generating code
pipe.lib(pipe.obj) : warning LNK4099: PDB 'pipe.pdb' was not found with 'pipe.lib(pipe.obj)' or at 'C:\Users\Skaldr\Desktop\code\centralisuer\x64\Release\pipe.pdb'; linking object as if no debug info
pipe.lib(stdafx.obj) : warning LNK4099: PDB 'pipe.pdb' was not found with 'pipe.lib(stdafx.obj)' or at 'C:\Users\Skaldr\Desktop\code\centralisuer\x64\Release\pipe.pdb'; linking object as if no debug info
Algorithm.lib(algorithm.cpp.obj) : warning LNK4099: PDB 'Algorithm.pdb' was not found with 'Algorithm.lib(algorithm.cpp.obj)' or at 'C:\Users\Skaldr\Desktop\code\centralisuer\x64\Release\Algorithm.pdb'; linking object as if no debug info
Algorithm.lib(raster.cpp.obj) : warning LNK4099: PDB 'Algorithm.pdb' was not found with 'Algorithm.lib(raster.cpp.obj)' or at 'C:\Users\Skaldr\Desktop\code\centralisuer\x64\Release\Algorithm.pdb'; linking object as if no debug info
Algorithm.lib(maillage_fixe.cpp.obj) : warning LNK4099: PDB 'Algorithm.pdb' was not found with 'Algorithm.lib(maillage_fixe.cpp.obj)' or at 'C:\Users\Skaldr\Desktop\code\centralisuer\x64\Release\Algorithm.pdb'; linking object as if no debug info
Algorithm.lib(maillage_variable.cpp.obj) : warning LNK4099: PDB 'Algorithm.pdb' was not found with 'Algorithm.lib(maillage_variable.cpp.obj)' or at 'C:\Users\Skaldr\Desktop\code\centralisuer\x64\Release\Algorithm.pdb'; linking object as if no debug info
Algorithm.lib(vectorielle.cpp.obj) : warning LNK4099: PDB 'Algorithm.pdb' was not found with 'Algorithm.lib(vectorielle.cpp.obj)' or at 'C:\Users\Skaldr\Desktop\code\centralisuer\x64\Release\Algorithm.pdb'; linking object as if no debug info
Algorithm.lib(optimal.cpp.obj) : warning LNK4099: PDB 'Algorithm.pdb' was not found with 'Algorithm.lib(optimal.cpp.obj)' or at 'C:\Users\Skaldr\Desktop\code\centralisuer\x64\Release\Algorithm.pdb'; linking object as if no debug info
Libs.lib(useful.cpp.obj) : warning LNK4099: PDB 'Libs.pdb' was not found with 'Libs.lib(useful.cpp.obj)' or at 'C:\Users\Skaldr\Desktop\code\centralisuer\x64\Release\Libs.pdb'; linking object as if no debug info
Libs.lib(vector.cpp.obj) : warning LNK4099: PDB 'Libs.pdb' was not found with 'Libs.lib(vector.cpp.obj)' or at 'C:\Users\Skaldr\Desktop\code\centralisuer\x64\Release\Libs.pdb'; linking object as if no debug info
Libs.lib(ellipse.cpp.obj) : warning LNK4099: PDB 'Libs.pdb' was not found with 'Libs.lib(ellipse.cpp.obj)' or at 'C:\Users\Skaldr\Desktop\code\centralisuer\x64\Release\Libs.pdb'; linking object as if no debug info
Libs.lib(ellipse_projetee.cpp.obj) : warning LNK4099: PDB 'Libs.pdb' was not found with 'Libs.lib(ellipse_projetee.cpp.obj)' or at 'C:\Users\Skaldr\Desktop\code\centralisuer\x64\Release\Libs.pdb'; linking object as if no debug info
Libs.lib(geometrie.cpp.obj) : warning LNK4099: PDB 'Libs.pdb' was not found with 'Libs.lib(geometrie.cpp.obj)' or at 'C:\Users\Skaldr\Desktop\code\centralisuer\x64\Release\Libs.pdb'; linking object as if no debug info
  centralisuer.vcxproj -> C:\Users\Skaldr\Desktop\code\centralisuer\x64\Release\centraliseur.exe
